<?xml version="1.0" encoding="UTF-8" ?>
<testsuite errors="0" failures="1" hostname="bmullan-mbr.local" name="sample.HelloWorldTest" skipped="1" tests="3" time="0.413" timestamp="2017-02-22T19:48:35">
  <properties>
[...]
</properties>
  <testcase classname="sample.HelloWorldTest" name="thisAlwaysFails" time="0.009">
    <failure message="This is the end!" type="junit.framework.AssertionFailedError">junit.framework.AssertionFailedError: This is the end!
	at sample.HelloWorldTest.thisAlwaysFails(Unknown Source)
</failure>
  </testcase>
  <testcase classname="sample.HelloWorldTest" name="thisIsIgnored" time="0.0">
    <skipped />
  </testcase>
  <testcase classname="sample.HelloWorldTest" name="thisAlwaysPasses" time="0.0" />
  <system-out><![CDATA[]]></system-out>
  <system-err><![CDATA[]]></system-err>
</testsuite>
